Build started 1/17/2015 3:10:16 PM.
     1>Project "P:\revnoteprep\src\revnoteprep.sln" on node 1 (default targets).
     1>ValidateSolutionConfiguration:
         Building solution configuration "Debug|Any CPU".
     1>Project "P:\revnoteprep\src\revnoteprep.sln" (1) is building "P:\revnoteprep\src\revnoteprep\revnoteprep.csproj" (2) on node 1 (default targets).
     2>PrepareForBuild:
         Creating directory "P:\revnoteprep\bin \".
       CoreResGen:
         No resources are out of date with respect to their source files. Skipping resource generation.
       GenerateTargetFrameworkMonikerAttribute:
       Skipping target "GenerateTargetFrameworkMonikerAttribute" because all output files are up-to-date with respect to the input files.
       CoreCompile:
       Skipping target "CoreCompile" because all output files are up-to-date with respect to the input files.
       _CopyFilesMarkedCopyLocal:
         Copying file from "P:\revnoteprep\src\packages\Octokit.0.6.2\lib\net45\Octokit.dll" to "P:\revnoteprep\bin \Octokit.dll".
         Copying file from "P:\revnoteprep\src\packages\Octokit.0.6.2\lib\net45\Octokit.pdb" to "P:\revnoteprep\bin \Octokit.pdb".
         Copying file from "P:\revnoteprep\src\packages\Octokit.0.6.2\lib\net45\Octokit.xml" to "P:\revnoteprep\bin \Octokit.xml".
       _CopyAppConfigFile:
       Skipping target "_CopyAppConfigFile" because all output files are up-to-date with respect to the input files.
       CopyFilesToOutputDirectory:
         Copying file from "obj\Debug\revnoteprep.exe" to "P:\revnoteprep\bin \revnoteprep.exe".
         revnoteprep -> P:\revnoteprep\bin \revnoteprep.exe
         Copying file from "obj\Debug\revnoteprep.pdb" to "P:\revnoteprep\bin \revnoteprep.pdb".
     2>Done Building Project "P:\revnoteprep\src\revnoteprep\revnoteprep.csproj" (default targets).
     1>Done Building Project "P:\revnoteprep\src\revnoteprep.sln" (default targets).

Build succeeded.
    0 Warning(s)
    0 Error(s)

Time Elapsed 00:00:00.09
